#
# There is insufficient memory for the Java Runtime Environment to continue.
# Native memory allocation (malloc) failed to allocate 1048576 bytes for AllocateHeap
# Possible reasons:
#   The system is out of physical RAM or swap space
#   In 32 bit mode, the process size limit was hit
# Possible solutions:
#   Reduce memory load on the system
#   Increase physical memory or swap space
#   Check if swap backing store is full
#   Use 64 bit Java on a 64 bit OS
#   Decrease Java heap size (-Xmx/-Xms)
#   Decrease number of Java threads
#   Decrease Java thread stack sizes (-Xss)
#   Set larger code cache with -XX:ReservedCodeCacheSize=
# This output file may be truncated or incomplete.
#
#  Out of Memory Error (memory/allocation.inline.hpp:61), pid=14068, tid=7008
#
# JRE version:  (7.0_79-b15) (build )
# Java VM: Java HotSpot(TM) 64-Bit Server VM (24.79-b02 mixed mode windows-amd64 compressed oops)
# Failed to write core dump. Minidumps are not enabled by default on client versions of Windows
#

---------------  T H R E A D  ---------------

Current thread (0x000000000266d800):  JavaThread "Unknown thread" [_thread_in_vm, id=7008, stack(0x0000000002a00000,0x0000000002b00000)]

Stack: [0x0000000002a00000,0x0000000002b00000]
[error occurred during error reporting (printing stack bounds), id 0xc0000005]


---------------  P R O C E S S  ---------------

Java Threads: ( => current thread )

Other Threads:

=>0x000000000266d800 (exited) JavaThread "Unknown thread" [_thread_in_vm, id=7008, stack(0x0000000002a00000,0x0000000002b00000)]

VM state:not at safepoint (normal execution)

VM Mutex/Monitor currently owned by a thread: None

Heap
 PSYoungGen      total 38400K, used 665K [0x00000000eaa80000, 0x00000000ed500000, 0x0000000100000000)
  eden space 33280K, 2% used [0x00000000eaa80000,0x00000000eab266b8,0x00000000ecb00000)
  from space 5120K, 0% used [0x00000000ed000000,0x00000000ed000000,0x00000000ed500000)
  to   space 5120K, 0% used [0x00000000ecb00000,0x00000000ecb00000,0x00000000ed000000)
 ParOldGen       total 86528K, used 0K [0x00000000c0000000, 0x00000000c5480000, 0x00000000eaa80000)
  object space 86528K, 0% used [0x00000000c0000000,0x00000000c0000000,0x00000000c5480000)
 PSPermGen       total 21504K, used 697K [0x00000000bae00000, 0x00000000bc300000, 0x00000000c0000000)
  object space 21504K, 3% used [0x00000000bae00000,0x00000000baeae588,0x00000000bc300000)

Card table byte_map: [0x0000000005cc0000,0x0000000005ef0000] byte_map_base: 0x00000000056e9000

Polling page: 0x0000000000ce0000

Code Cache  [0x0000000002c00000, 0x0000000002e70000, 0x0000000005c00000)
 total_blobs=38 nmethods=0 adapters=20 free_code_cache=48889Kb largest_free_block=50062528

Compilation events (0 events):
No events

GC Heap History (0 events):
No events

Deoptimization events (0 events):
No events

Internal exceptions (0 events):
No events

Events (10 events):
Event: 0.008 loading class 0x0000000002b4fe30
Event: 0.008 loading class 0x0000000002b4fe30 done
Event: 0.008 loading class 0x0000000002b4fe80
Event: 0.008 loading class 0x0000000002b4fe80 done
Event: 0.008 loading class 0x0000000002b4fed0
Event: 0.008 loading class 0x0000000002b4fed0 done
Event: 0.009 loading class 0x0000000002b50c50
Event: 0.009 loading class 0x0000000002b50c50 done
Event: 0.009 loading class 0x0000000002b50870
Event: 0.009 loading class 0x0000000002b50870 done


Dynamic libraries:
0x00007ff6527c0000 - 0x00007ff6527f3000 	D:\Java\jdk1.7.0_79\bin\java.exe
0x00007ff89f4e0000 - 0x00007ff89f6a1000 	C:\WINDOWS\SYSTEM32\ntdll.dll
0x00007ff89d070000 - 0x00007ff89d11d000 	C:\WINDOWS\system32\KERNEL32.DLL
0x00007ff89c9b0000 - 0x00007ff89cb8d000 	C:\WINDOWS\system32\KERNELBASE.dll
0x00007ff89da10000 - 0x00007ff89dab6000 	C:\WINDOWS\system32\ADVAPI32.dll
0x00007ff89d760000 - 0x00007ff89d7fd000 	C:\WINDOWS\system32\msvcrt.dll
0x00007ff89d270000 - 0x00007ff89d2cb000 	C:\WINDOWS\system32\sechost.dll
0x00007ff89d8e0000 - 0x00007ff89da06000 	C:\WINDOWS\system32\RPCRT4.dll
0x00007ff89d120000 - 0x00007ff89d26e000 	C:\WINDOWS\system32\USER32.dll
0x00007ff89cdf0000 - 0x00007ff89cf76000 	C:\WINDOWS\system32\GDI32.dll
0x00007ff898820000 - 0x00007ff898a94000 	C:\WINDOWS\WinSxS\amd64_microsoft.windows.common-controls_6595b64144ccf1df_6.0.10240.16425_none_f4210608574f6bfb\COMCTL32.dll
0x00007ff89cdb0000 - 0x00007ff89cde6000 	C:\WINDOWS\system32\IMM32.DLL
0x00007ff89d2d0000 - 0x00007ff89d42c000 	C:\WINDOWS\system32\MSCTF.dll
0x000000006c320000 - 0x000000006c3f2000 	D:\Java\jdk1.7.0_79\jre\bin\msvcr100.dll
0x000000006c8a0000 - 0x000000006d075000 	D:\Java\jdk1.7.0_79\jre\bin\server\jvm.dll
0x00007ff89d050000 - 0x00007ff89d058000 	C:\WINDOWS\system32\PSAPI.DLL
0x00007ff894290000 - 0x00007ff894299000 	C:\WINDOWS\SYSTEM32\WSOCK32.dll
0x00007ff89a170000 - 0x00007ff89a193000 	C:\WINDOWS\SYSTEM32\WINMM.dll
0x00007ff89cf80000 - 0x00007ff89cfe9000 	C:\WINDOWS\system32\WS2_32.dll
0x00007ff89f320000 - 0x00007ff89f328000 	C:\WINDOWS\system32\NSI.dll
0x00007ff89a010000 - 0x00007ff89a03c000 	C:\WINDOWS\SYSTEM32\WINMMBASE.dll
0x00007ff89c960000 - 0x00007ff89c9a4000 	C:\WINDOWS\system32\cfgmgr32.dll
0x00007ff89a7c0000 - 0x00007ff89a7e7000 	C:\WINDOWS\SYSTEM32\DEVOBJ.dll
0x000000006c7b0000 - 0x000000006c7bf000 	D:\Java\jdk1.7.0_79\jre\bin\verify.dll
0x000000006c780000 - 0x000000006c7a8000 	D:\Java\jdk1.7.0_79\jre\bin\java.dll
0x000000006c760000 - 0x000000006c775000 	D:\Java\jdk1.7.0_79\jre\bin\zip.dll

VM Arguments:
jvm_args: -Xmx1024M -Dfile.encoding=GBK -Duser.country=CN -Duser.language=zh -Duser.variant 
java_command: com.android.dx.command.Main --dex --num-threads=4 --output D:\Documents\Downloads\aaaaaaaaaaaaaaaaa临时\leakcanary-demo-master\MDDemo\app\build\intermediates\dex\debug D:\Documents\Downloads\aaaaaaaaaaaaaaaaa临时\leakcanary-demo-master\MDDemo\app\build\intermediates\classes\debug D:\Documents\Downloads\aaaaaaaaaaaaaaaaa临时\leakcanary-demo-master\MDDemo\app\build\intermediates\pre-dexed\debug\support-annotations-23.0.1-a6582ef3fc18c4a36e951a2d361f62153f26209b.jar D:\Documents\Downloads\aaaaaaaaaaaaaaaaa临时\leakcanary-demo-master\MDDemo\app\build\intermediates\pre-dexed\debug\classes-95b694381f2acd188e282a5e8aa7b1fceb66ae09.jar D:\Documents\Downloads\aaaaaaaaaaaaaaaaa临时\leakcanary-demo-master\MDDemo\app\build\intermediates\pre-dexed\debug\internal_impl-23.0.1-6fe80d9f7cbb5aa5937049b1dc9c781ef167922c.jar D:\Documents\Downloads\aaaaaaaaaaaaaaaaa临时\leakcanary-demo-master\MDDemo\app\build\intermediates\pre-dexed\debug\classes-57542db169718fa15128699e0dca8e1d5282bfc2.jar D:\Documents\Downloads\aaaaaaaaaaaaaaaaa临时\leakcanary-demo-master\MDDemo\app\build\intermediates\pre-dexed\debug\classes-7e5c93f217653aaad4d66a84a36f701539747dd8.jar
Launcher Type: SUN_STANDARD

Environment Variables:
PATH=C:\Users\Administrator\AppData\Roaming\npm;D:\Program Files\Git\bin;D:\Program Files\nodejs;C:\Program Files (x86)\Intel\iCLS Client\;C:\Program Files\Intel\iCLS Client\;C:\Windows\system32;C:\Windows;C:\Windows\System32\Wbem;C:\Windows\System32\WindowsPowerShell\v1.0\;C:\Program Files (x86)\NVIDIA Corporation\PhysX\Common;D:\Program Files\TortoiseSVN\bin;D:\Program Files\VisualSVN Server\bin;C:\WINDOWS\system32;C:\WINDOWS;C:\WINDOWS\System32\Wbem;C:\WINDOWS\System32\WindowsPowerShell\v1.0\;C:\Program Files (x86)\Intel\Intel(R) Management Engine Components\DAL;C:\Program Files\Intel\Intel(R) Management Engine Components\DAL;C:\Program Files (x86)\Intel\Intel(R) Management Engine Components\IPT;C:\Program Files\Intel\Intel(R) Management Engine Components\IPT
USERNAME=Administrator
OS=Windows_NT
PROCESSOR_IDENTIFIER=Intel64 Family 6 Model 94 Stepping 3, GenuineIntel



---------------  S Y S T E M  ---------------

OS: Windows 8.1 , 64 bit Build 9600 

CPU:total 8 (4 cores per cpu, 2 threads per core) family 6 model 94 stepping 3, cmov, cx8, fxsr, mmx, sse, sse2, sse3, ssse3, sse4.1, sse4.2, popcnt, avx, avx2, aes, erms, ht, tsc, tscinvbit

Memory: 4k page, physical 8320468k(1503320k free), swap 16185168k(6168k free)

vm_info: Java HotSpot(TM) 64-Bit Server VM (24.79-b02) for windows-amd64 JRE (1.7.0_79-b15), built on Apr 10 2015 12:36:16 by "java_re" with unknown MS VC++:1600

time: Mon Oct 19 14:55:57 2015
elapsed time: 0 seconds

